<?xml version="1.0" encoding="UTF-8"?>
<!-- Generated by org.testng.reporters.JUnitReportReporter -->
<testsuite hostname="DESKTOP-D6Q23KC" failures="0" tests="2" name="tests.SearchResultTest" time="6.577" errors="0" timestamp="2023-09-12T16:17:28 AST" skipped="0">
  <testcase classname="tests.SearchResultTest" name="TestSearchResult" time="4.427"/>
  <testcase classname="tests.SearchResultTest" name="shoppingcarttest" time="2.150"/>
</testsuite> <!-- tests.SearchResultTest -->
