<?xml version="1.0" encoding="UTF-8"?>
<!-- Generated by org.testng.reporters.JUnitReportReporter -->
<testsuite hostname="DESKTOP-D6Q23KC" failures="0" tests="1" name="tests.SearchTest" time="1.842" errors="0" timestamp="2023-09-12T16:17:28 AST" skipped="0">
  <testcase classname="tests.SearchTest" name="UserCanSearch" time="1.842"/>
</testsuite> <!-- tests.SearchTest -->
